<?xml version="1.0" encoding="UTF-8"?>
<!-- Generated by org.testng.reporters.JUnitXMLReporter -->
<testsuite ignored="0" hostname="LAPTOP-T89JRIMG" failures="0" tests="5" name="sanitySuite" time="0.073" errors="0" timestamp="2022-12-08T20:54:48 IST">
  <testcase classname="com.testBox.TextBoxesPage" name="TextBoxPage_TC001" time="0.008"/>
  <testcase classname="com.testBox.TextBoxesPage" name="TextBoxPage_TC002" time="0.001"/>
  <testcase classname="com.testBox.TextBoxesPage" name="TextBoxPage_TC003" time="0.001"/>
  <testcase classname="com.testBox.RadioBtnPage" name="RadioBtnPage_TC001" time="0.002"/>
  <testcase classname="com.testBox.RadioBtnPage" name="RadioBtnPage_TC002" time="0.0"/>
</testsuite> <!-- sanitySuite -->
