<?xml version="1.0" encoding="UTF-8"?>
<testng-results ignored="0" total="5" passed="5" failed="0" skipped="0">
  <reporter-output>
  </reporter-output>
  <suite started-at="2022-12-08T20:54:48 IST" name="seleniumEasyTestSuite" finished-at="2022-12-08T20:54:48 IST" duration-ms="73">
    <groups>
    </groups>
    <test started-at="2022-12-08T20:54:48 IST" name="sanitySuite" finished-at="2022-12-08T20:54:48 IST" duration-ms="73">
      <class name="com.testBox.RadioBtnPage">
        <test-method signature="RadioBtnPage_TC001()[pri:0, instance:com.testBox.RadioBtnPage@581ac8a8]" started-at="2022-12-08T20:54:48 IST" name="RadioBtnPage_TC001" finished-at="2022-12-08T20:54:48 IST" duration-ms="2" status="PASS">
          <reporter-output>
          </reporter-output>
        </test-method> <!-- RadioBtnPage_TC001 -->
        <test-method signature="RadioBtnPage_TC002()[pri:0, instance:com.testBox.RadioBtnPage@581ac8a8]" started-at="2022-12-08T20:54:48 IST" name="RadioBtnPage_TC002" finished-at="2022-12-08T20:54:48 IST" duration-ms="0" status="PASS">
          <reporter-output>
          </reporter-output>
        </test-method> <!-- RadioBtnPage_TC002 -->
      </class> <!-- com.testBox.RadioBtnPage -->
      <class name="com.testBox.TextBoxesPage">
        <test-method signature="TextBoxPage_TC001()[pri:0, instance:com.testBox.TextBoxesPage@2053d869]" started-at="2022-12-08T20:54:48 IST" name="TextBoxPage_TC001" finished-at="2022-12-08T20:54:48 IST" duration-ms="8" status="PASS">
          <reporter-output>
          </reporter-output>
        </test-method> <!-- TextBoxPage_TC001 -->
        <test-method signature="TextBoxPage_TC002()[pri:0, instance:com.testBox.TextBoxesPage@2053d869]" started-at="2022-12-08T20:54:48 IST" name="TextBoxPage_TC002" finished-at="2022-12-08T20:54:48 IST" duration-ms="1" status="PASS">
          <reporter-output>
          </reporter-output>
        </test-method> <!-- TextBoxPage_TC002 -->
        <test-method signature="TextBoxPage_TC003()[pri:0, instance:com.testBox.TextBoxesPage@2053d869]" started-at="2022-12-08T20:54:48 IST" name="TextBoxPage_TC003" finished-at="2022-12-08T20:54:48 IST" duration-ms="1" status="PASS">
          <reporter-output>
          </reporter-output>
        </test-method> <!-- TextBoxPage_TC003 -->
      </class> <!-- com.testBox.TextBoxesPage -->
    </test> <!-- sanitySuite -->
  </suite> <!-- seleniumEasyTestSuite -->
</testng-results>
